#
# A fatal error has been detected by the Java Runtime Environment:
#
#  Internal Error (javaClasses.cpp:126), pid=18460, tid=22380
#  fatal error: Invalid layout of preloaded class
#
# JRE version:  (8.0_31-b13) (build )
# Java VM: Java HotSpot(TM) 64-Bit Server VM (25.31-b07 mixed mode windows-amd64 compressed oops)
# Failed to write core dump. Minidumps are not enabled by default on client versions of Windows
#
# If you would like to submit a bug report, please visit:
#   http://bugreport.java.com/bugreport/crash.jsp
#

---------------  T H R E A D  ---------------

Current thread (0x00000000021e0800):  JavaThread "Unknown thread" [_thread_in_vm, id=22380, stack(0x00000000020e0000,0x00000000021e0000)]

Stack: [0x00000000020e0000,0x00000000021e0000]
Native frames: (J=compiled Java code, j=interpreted, Vv=VM code, C=native code)
V  [jvm.dll+0x3169ba]
V  [jvm.dll+0x2674c3]
V  [jvm.dll+0x268103]
V  [jvm.dll+0x25f876]
V  [jvm.dll+0x5e443]
V  [jvm.dll+0x5e533]
V  [jvm.dll+0x72e9a]
V  [jvm.dll+0x73208]
V  [jvm.dll+0xe4997]
V  [jvm.dll+0xe4d26]
V  [jvm.dll+0x1fa057]
V  [jvm.dll+0x22b694]
V  [jvm.dll+0x14d8c1]
C  [javaw.exe+0x20c6]
C  [javaw.exe+0xc9eb]
C  [javaw.exe+0xca7f]
C  [KERNEL32.DLL+0x16ad]
C  [ntdll.dll+0x15444]


---------------  P R O C E S S  ---------------

Java Threads: ( => current thread )

Other Threads:

=>0x00000000021e0800 (exited) JavaThread "Unknown thread" [_thread_in_vm, id=22380, stack(0x00000000020e0000,0x00000000021e0000)]

VM state:not at safepoint (not fully initialized)

VM Mutex/Monitor currently owned by a thread: None

GC Heap History (0 events):
No events

Deoptimization events (0 events):
No events

Internal exceptions (0 events):
No events

Events (10 events):
Event: 0.068 loading class java/lang/CharSequence done
Event: 0.069 loading class java/lang/String done
Event: 0.069 loading class java/lang/Class
Event: 0.069 loading class java/lang/reflect/AnnotatedElement
Event: 0.069 loading class java/lang/reflect/AnnotatedElement done
Event: 0.069 loading class java/lang/reflect/GenericDeclaration
Event: 0.069 loading class java/lang/reflect/GenericDeclaration done
Event: 0.069 loading class java/lang/reflect/Type
Event: 0.069 loading class java/lang/reflect/Type done
Event: 0.069 loading class java/lang/Class done


Dynamic libraries:
0x00007ff6d46f0000 - 0x00007ff6d4724000 	C:\Program Files\Java\jre1.8.0_31\bin\javaw.exe
0x00007ff8abba0000 - 0x00007ff8abd4c000 	C:\windows\SYSTEM32\ntdll.dll
0x00007ff8aae00000 - 0x00007ff8aaf3a000 	C:\windows\system32\KERNEL32.DLL
0x00007ff8a9100000 - 0x00007ff8a920f000 	C:\windows\system32\KERNELBASE.dll
0x00007ff8a7a10000 - 0x00007ff8a7a98000 	C:\windows\system32\apphelp.dll
0x00007ff8a7340000 - 0x00007ff8a738f000 	C:\windows\AppPatch\AppPatch64\AcGenral.DLL
0x00007ff8ab070000 - 0x00007ff8ab117000 	C:\windows\system32\msvcrt.dll
0x00007ff8a8be0000 - 0x00007ff8a8c0b000 	C:\windows\SYSTEM32\SspiCli.dll
0x00007ff8a9710000 - 0x00007ff8a9761000 	C:\windows\system32\SHLWAPI.dll
0x00007ff8ab350000 - 0x00007ff8ab4c1000 	C:\windows\system32\USER32.dll
0x00007ff8ab900000 - 0x00007ff8aba78000 	C:\windows\system32\ole32.dll
0x00007ff8a9790000 - 0x00007ff8aaca8000 	C:\windows\system32\SHELL32.dll
0x00007ff8a83f0000 - 0x00007ff8a840e000 	C:\windows\SYSTEM32\USERENV.dll
0x00007ff8ab670000 - 0x00007ff8ab715000 	C:\windows\system32\ADVAPI32.dll
0x00007ff89dd20000 - 0x00007ff89dd3b000 	C:\windows\SYSTEM32\MPR.dll
0x00007ff8ab4d0000 - 0x00007ff8ab607000 	C:\windows\system32\RPCRT4.dll
0x00007ff8a9510000 - 0x00007ff8a9569000 	C:\windows\SYSTEM32\sechost.dll
0x00007ff8ab160000 - 0x00007ff8ab336000 	C:\windows\SYSTEM32\combase.dll
0x00007ff8aacb0000 - 0x00007ff8aadf4000 	C:\windows\system32\GDI32.dll
0x00007ff8a8e00000 - 0x00007ff8a8e14000 	C:\windows\SYSTEM32\profapi.dll
0x00007ff8a7480000 - 0x00007ff8a751f000 	C:\windows\SYSTEM32\SHCORE.dll
0x00007ff8ab120000 - 0x00007ff8ab154000 	C:\windows\system32\IMM32.DLL
0x00007ff8ab720000 - 0x00007ff8ab859000 	C:\windows\system32\MSCTF.dll
0x00007ff8a6e00000 - 0x00007ff8a705a000 	C:\windows\WinSxS\amd64_microsoft.windows.common-controls_6595b64144ccf1df_6.0.9600.17031_none_6242a4b3ecbb55a1\COMCTL32.dll
0x000000005d270000 - 0x000000005d342000 	C:\Program Files\Java\jre1.8.0_31\bin\msvcr100.dll
0x000000005c770000 - 0x000000005cfca000 	C:\Program Files\Java\jre1.8.0_31\bin\server\jvm.dll
0x00007ff8a3ff0000 - 0x00007ff8a3ff9000 	C:\windows\SYSTEM32\WSOCK32.dll
0x00007ff8a5080000 - 0x00007ff8a509f000 	C:\windows\SYSTEM32\WINMM.dll
0x00007ff8a9320000 - 0x00007ff8a9327000 	C:\windows\system32\PSAPI.DLL
0x00007ff8aba80000 - 0x00007ff8abad8000 	C:\windows\system32\WS2_32.dll
0x00007ff8a5040000 - 0x00007ff8a506a000 	C:\windows\SYSTEM32\WINMMBASE.dll
0x00007ff8abae0000 - 0x00007ff8abae9000 	C:\windows\system32\NSI.dll
0x00007ff8a90b0000 - 0x00007ff8a90fa000 	C:\windows\SYSTEM32\cfgmgr32.dll
0x00007ff8a7c70000 - 0x00007ff8a7c96000 	C:\windows\SYSTEM32\DEVOBJ.dll
0x000000005c680000 - 0x000000005c68f000 	C:\Program Files\Java\jre1.8.0_31\bin\verify.dll
0x000000005c650000 - 0x000000005c678000 	C:\Program Files\Java\jre1.8.0_31\bin\java.dll
0x000000005c630000 - 0x000000005c646000 	C:\Program Files\Java\jre1.8.0_31\bin\zip.dll
0x00007ff8a0780000 - 0x00007ff8a0908000 	C:\windows\SYSTEM32\dbghelp.dll

VM Arguments:
jvm_args: -Dfile.encoding=UTF-8 -Xbootclasspath:G:\sdk\android-sdk-windows\platforms\android-21\android.jar 
java_command: com.xl.demo.activity.speak.fasfa
java_class_path (initial): C:\Users\xinlong\Desktop\xlgo\libs\core.jar;C:\Users\xinlong\Desktop\xlgo\libs\android-support-v13.jar;C:\Users\xinlong\Desktop\xlgo\libs\sfram.jar;C:\Users\xinlong\Desktop\xlgo\libs\Volley.jar;C:\Users\xinlong\Desktop\xlgo\libs\gson-2.2.4.jar;C:\Users\xinlong\Desktop\xlgo\bin\classes
Launcher Type: SUN_STANDARD

Environment Variables:
JAVA_HOME=C:\Program Files\Java\jdk1.8.0_31
CLASSPATH=.;C:\Program Files\Java\jdk1.8.0_31\lib;C:\Program Files\Java\jdk1.8.0_31\lib\tools.jar
PATH=C:/Program Files/Java/jre1.8.0_31/bin/server;C:/Program Files/Java/jre1.8.0_31/bin;C:/Program Files/Java/jre1.8.0_31/lib/amd64;C:\ProgramData\Oracle\Java\javapath;C:\Program Files\Java\jdk1.8.0_31\bin;C:\Program Files\Java\jdk1.8.0_31\jre\bin;G:\sdk\android-sdk-windows\platform-tools;G:\sdk\android-sdk-windows\tools;C:\windows\system32;C:\windows;C:\windows\System32\Wbem;C:\Program Files\MySQL\MySQL Server 5.6\bin;G:\eclipseÔ´ÎÄ¼þ\eclipse-standard-luna-SR1a-win32-x86_64\eclipse;
USERNAME=xinlong
OS=Windows_NT
PROCESSOR_IDENTIFIER=Intel64 Family 6 Model 60 Stepping 3, GenuineIntel



---------------  S Y S T E M  ---------------

OS: Windows 8.1 , 64 bit Build 9600 

CPU:total 4 (2 cores per cpu, 2 threads per core) family 6 model 60 stepping 3, cmov, cx8, fxsr, mmx, sse, sse2, sse3, ssse3, sse4.1, sse4.2, popcnt, avx, avx2, aes, clmul, erms, lzcnt, ht, tsc, tscinvbit, bmi1, bmi2

Memory: 4k page, physical 8276632k(4246100k free), swap 8997528k(3230268k free)

vm_info: Java HotSpot(TM) 64-Bit Server VM (25.31-b07) for windows-amd64 JRE (1.8.0_31-b13), built on Dec 17 2014 21:00:28 by "java_re" with MS VC++ 10.0 (VS2010)

time: Wed Oct 14 12:24:06 2015
elapsed time: 0 seconds (0d 0h 0m 0s)

